<?xml version="1.0" encoding="UTF-8"?>
<!-- Generated by org.testng.reporters.JUnitReportReporter -->
<testsuite hostname="DESKTOP-8H53A87" failures="0" tests="4" name="api.test.userTests" time="11.078" errors="0" timestamp="2025-02-06T12:01:27 IST" skipped="0">
  <testcase classname="api.test.userTests" name="createUser" time="6.089"/>
  <testcase classname="api.test.userTests" name="getuser" time="1.669"/>
  <testcase classname="api.test.userTests" name="updateUser" time="1.625"/>
  <testcase classname="api.test.userTests" name="deleteUser" time="1.695"/>
</testsuite> <!-- api.test.userTests -->
