<?xml version="1.0" encoding="UTF-8"?>
<!-- Generated by org.testng.reporters.JUnitReportReporter -->
<testsuite hostname="DESKTOP-V5GU0V7" failures="0" tests="2" name="api.test.userTest" time="9.128" errors="0" timestamp="2025-02-09T13:24:04 IST" skipped="0">
  <testcase classname="api.test.userTest" name="CreateGuestUser" time="7.131"/>
  <testcase classname="api.test.userTest" name="getGuestUser" time="1.997"/>
</testsuite> <!-- api.test.userTest -->
